2014/07/06 21:16:20 [error] [exception.CException] exception 'CException' with message 'Property "CWebApplication.imgPath" is not defined.' in C:\xampp\htdocs\yii2\framework\base\CComponent.php:130
Stack trace:
#0 C:\xampp\htdocs\yii2\framework\base\CModule.php(105): CComponent->__get('imgPath')
#1 C:\xampp\htdocs\yii2\kdomestriha2.0\protected\views\layouts\main.php(17): CModule->__get('imgPath')
#2 C:\xampp\htdocs\yii2\framework\web\CBaseController.php(126): require('C:\xampp\htdocs...')
#3 C:\xampp\htdocs\yii2\framework\web\CBaseController.php(95): CBaseController->renderInternal('C:\xampp\htdocs...', Array, true)
#4 C:\xampp\htdocs\yii2\framework\web\widgets\CContentDecorator.php(76): CBaseController->renderFile('C:\xampp\htdocs...', Array, true)
#5 C:\xampp\htdocs\yii2\framework\web\widgets\CContentDecorator.php(54): CContentDecorator->decorate('<div id="conten...')
#6 C:\xampp\htdocs\yii2\framework\web\widgets\COutputProcessor.php(44): CContentDecorator->processOutput('<div id="conten...')
#7 C:\xampp\htdocs\yii2\framework\web\CBaseController.php(206): COutputProcessor->run()
#8 C:\xampp\htdocs\yii2\framework\web\CBaseController.php(300): CBaseController->endWidget('CContentDecorat...')
#9 C:\xampp\htdocs\yii2\kdomestriha2.0\protected\views\layouts\column1.php(6): CBaseController->endContent()
#10 C:\xampp\htdocs\yii2\framework\web\CBaseController.php(126): require('C:\xampp\htdocs...')
#11 C:\xampp\htdocs\yii2\framework\web\CBaseController.php(95): CBaseController->renderInternal('C:\xampp\htdocs...', Array, true)
#12 C:\xampp\htdocs\yii2\framework\web\CController.php(784): CBaseController->renderFile('C:\xampp\htdocs...', Array, true)
#13 C:\xampp\htdocs\yii2\kdomestriha2.0\protected\controllers\SiteController.php(32): CController->render('index')
#14 C:\xampp\htdocs\yii2\framework\web\actions\CInlineAction.php(49): SiteController->actionIndex()
#15 C:\xampp\htdocs\yii2\framework\web\CController.php(308): CInlineAction->runWithParams(Array)
#16 C:\xampp\htdocs\yii2\framework\web\CController.php(286): CController->runAction(Object(CInlineAction))
#17 C:\xampp\htdocs\yii2\framework\web\CController.php(265): CController->runActionWithFilters(Object(CInlineAction), Array)
#18 C:\xampp\htdocs\yii2\framework\web\CWebApplication.php(282): CController->run('')
#19 C:\xampp\htdocs\yii2\framework\web\CWebApplication.php(141): CWebApplication->runController('')
#20 C:\xampp\htdocs\yii2\framework\base\CApplication.php(180): CWebApplication->processRequest()
#21 C:\xampp\htdocs\yii2\kdomestriha2.0\index.php(13): CApplication->run()
#22 {main}
REQUEST_URI=/yii2/kdomestriha2.0/
---
2014/07/06 21:17:12 [error] [exception.CException] exception 'CException' with message 'Property "CWebApplication.imgPath" is not defined.' in C:\xampp\htdocs\yii2\framework\base\CComponent.php:130
Stack trace:
#0 C:\xampp\htdocs\yii2\framework\base\CModule.php(105): CComponent->__get('imgPath')
#1 C:\xampp\htdocs\yii2\kdomestriha2.0\protected\views\layouts\main.php(17): CModule->__get('imgPath')
#2 C:\xampp\htdocs\yii2\framework\web\CBaseController.php(126): require('C:\xampp\htdocs...')
#3 C:\xampp\htdocs\yii2\framework\web\CBaseController.php(95): CBaseController->renderInternal('C:\xampp\htdocs...', Array, true)
#4 C:\xampp\htdocs\yii2\framework\web\widgets\CContentDecorator.php(76): CBaseController->renderFile('C:\xampp\htdocs...', Array, true)
#5 C:\xampp\htdocs\yii2\framework\web\widgets\CContentDecorator.php(54): CContentDecorator->decorate('<div id="conten...')
#6 C:\xampp\htdocs\yii2\framework\web\widgets\COutputProcessor.php(44): CContentDecorator->processOutput('<div id="conten...')
#7 C:\xampp\htdocs\yii2\framework\web\CBaseController.php(206): COutputProcessor->run()
#8 C:\xampp\htdocs\yii2\framework\web\CBaseController.php(300): CBaseController->endWidget('CContentDecorat...')
#9 C:\xampp\htdocs\yii2\kdomestriha2.0\protected\views\layouts\column1.php(6): CBaseController->endContent()
#10 C:\xampp\htdocs\yii2\framework\web\CBaseController.php(126): require('C:\xampp\htdocs...')
#11 C:\xampp\htdocs\yii2\framework\web\CBaseController.php(95): CBaseController->renderInternal('C:\xampp\htdocs...', Array, true)
#12 C:\xampp\htdocs\yii2\framework\web\CController.php(784): CBaseController->renderFile('C:\xampp\htdocs...', Array, true)
#13 C:\xampp\htdocs\yii2\kdomestriha2.0\protected\controllers\SiteController.php(32): CController->render('index')
#14 C:\xampp\htdocs\yii2\framework\web\actions\CInlineAction.php(49): SiteController->actionIndex()
#15 C:\xampp\htdocs\yii2\framework\web\CController.php(308): CInlineAction->runWithParams(Array)
#16 C:\xampp\htdocs\yii2\framework\web\CController.php(286): CController->runAction(Object(CInlineAction))
#17 C:\xampp\htdocs\yii2\framework\web\CController.php(265): CController->runActionWithFilters(Object(CInlineAction), Array)
#18 C:\xampp\htdocs\yii2\framework\web\CWebApplication.php(282): CController->run('')
#19 C:\xampp\htdocs\yii2\framework\web\CWebApplication.php(141): CWebApplication->runController('')
#20 C:\xampp\htdocs\yii2\framework\base\CApplication.php(180): CWebApplication->processRequest()
#21 C:\xampp\htdocs\yii2\kdomestriha2.0\index.php(13): CApplication->run()
#22 {main}
REQUEST_URI=/yii2/kdomestriha2.0/
---
2014/07/06 21:30:12 [error] [exception.CException] exception 'CException' with message 'CWebApplication and its behaviors do not have a method or closure named "getPathOfAlias".' in C:\xampp\htdocs\yii2\framework\base\CComponent.php:266
Stack trace:
#0 C:\xampp\htdocs\yii2\kdomestriha2.0\protected\views\layouts\main.php(17): CComponent->__call('getPathOfAlias', Array)
#1 C:\xampp\htdocs\yii2\kdomestriha2.0\protected\views\layouts\main.php(17): CWebApplication->getPathOfAlias('imgPath')
#2 C:\xampp\htdocs\yii2\framework\web\CBaseController.php(126): require('C:\xampp\htdocs...')
#3 C:\xampp\htdocs\yii2\framework\web\CBaseController.php(95): CBaseController->renderInternal('C:\xampp\htdocs...', Array, true)
#4 C:\xampp\htdocs\yii2\framework\web\widgets\CContentDecorator.php(76): CBaseController->renderFile('C:\xampp\htdocs...', Array, true)
#5 C:\xampp\htdocs\yii2\framework\web\widgets\CContentDecorator.php(54): CContentDecorator->decorate('<div id="conten...')
#6 C:\xampp\htdocs\yii2\framework\web\widgets\COutputProcessor.php(44): CContentDecorator->processOutput('<div id="conten...')
#7 C:\xampp\htdocs\yii2\framework\web\CBaseController.php(206): COutputProcessor->run()
#8 C:\xampp\htdocs\yii2\framework\web\CBaseController.php(300): CBaseController->endWidget('CContentDecorat...')
#9 C:\xampp\htdocs\yii2\kdomestriha2.0\protected\views\layouts\column1.php(6): CBaseController->endContent()
#10 C:\xampp\htdocs\yii2\framework\web\CBaseController.php(126): require('C:\xampp\htdocs...')
#11 C:\xampp\htdocs\yii2\framework\web\CBaseController.php(95): CBaseController->renderInternal('C:\xampp\htdocs...', Array, true)
#12 C:\xampp\htdocs\yii2\framework\web\CController.php(784): CBaseController->renderFile('C:\xampp\htdocs...', Array, true)
#13 C:\xampp\htdocs\yii2\kdomestriha2.0\protected\controllers\SiteController.php(32): CController->render('index')
#14 C:\xampp\htdocs\yii2\framework\web\actions\CInlineAction.php(49): SiteController->actionIndex()
#15 C:\xampp\htdocs\yii2\framework\web\CController.php(308): CInlineAction->runWithParams(Array)
#16 C:\xampp\htdocs\yii2\framework\web\CController.php(286): CController->runAction(Object(CInlineAction))
#17 C:\xampp\htdocs\yii2\framework\web\CController.php(265): CController->runActionWithFilters(Object(CInlineAction), Array)
#18 C:\xampp\htdocs\yii2\framework\web\CWebApplication.php(282): CController->run('')
#19 C:\xampp\htdocs\yii2\framework\web\CWebApplication.php(141): CWebApplication->runController('')
#20 C:\xampp\htdocs\yii2\framework\base\CApplication.php(180): CWebApplication->processRequest()
#21 C:\xampp\htdocs\yii2\kdomestriha2.0\index.php(13): CApplication->run()
#22 {main}
REQUEST_URI=/yii2/kdomestriha2.0/
---
2014/07/08 19:49:16 [error] [php] Use of undefined constant searchForm - assumed 'searchForm' (C:\xampp\htdocs\yii2\kdomestriha2.0\protected\views\site\index.php:12)
Stack trace:
#0 C:\xampp\htdocs\yii2\framework\web\CController.php(869): SiteController->renderFile()
#1 C:\xampp\htdocs\yii2\framework\web\CController.php(782): SiteController->renderPartial()
#2 C:\xampp\htdocs\yii2\kdomestriha2.0\protected\controllers\SiteController.php(32): SiteController->render()
#3 C:\xampp\htdocs\yii2\framework\web\actions\CInlineAction.php(49): SiteController->actionIndex()
#4 C:\xampp\htdocs\yii2\framework\web\CController.php(308): CInlineAction->runWithParams()
#5 C:\xampp\htdocs\yii2\framework\web\CController.php(286): SiteController->runAction()
#6 C:\xampp\htdocs\yii2\framework\web\CController.php(265): SiteController->runActionWithFilters()
#7 C:\xampp\htdocs\yii2\framework\web\CWebApplication.php(282): SiteController->run()
#8 C:\xampp\htdocs\yii2\framework\web\CWebApplication.php(141): CWebApplication->runController()
#9 C:\xampp\htdocs\yii2\framework\base\CApplication.php(180): CWebApplication->processRequest()
#10 C:\xampp\htdocs\yii2\kdomestriha2.0\index.php(17): CWebApplication->run()
REQUEST_URI=/yii2/kdomestriha2.0/index.php/site/index
in C:\xampp\htdocs\yii2\kdomestriha2.0\protected\views\site\index.php (12)
in C:\xampp\htdocs\yii2\kdomestriha2.0\protected\controllers\SiteController.php (32)
in C:\xampp\htdocs\yii2\kdomestriha2.0\index.php (17)
2014/07/08 19:49:38 [error] [php] Undefined variable: model (C:\xampp\htdocs\yii2\kdomestriha2.0\protected\views\site\index.php:16)
Stack trace:
#0 C:\xampp\htdocs\yii2\framework\web\CController.php(869): SiteController->renderFile()
#1 C:\xampp\htdocs\yii2\framework\web\CController.php(782): SiteController->renderPartial()
#2 C:\xampp\htdocs\yii2\kdomestriha2.0\protected\controllers\SiteController.php(32): SiteController->render()
#3 C:\xampp\htdocs\yii2\framework\web\actions\CInlineAction.php(49): SiteController->actionIndex()
#4 C:\xampp\htdocs\yii2\framework\web\CController.php(308): CInlineAction->runWithParams()
#5 C:\xampp\htdocs\yii2\framework\web\CController.php(286): SiteController->runAction()
#6 C:\xampp\htdocs\yii2\framework\web\CController.php(265): SiteController->runActionWithFilters()
#7 C:\xampp\htdocs\yii2\framework\web\CWebApplication.php(282): SiteController->run()
#8 C:\xampp\htdocs\yii2\framework\web\CWebApplication.php(141): CWebApplication->runController()
#9 C:\xampp\htdocs\yii2\framework\base\CApplication.php(180): CWebApplication->processRequest()
#10 C:\xampp\htdocs\yii2\kdomestriha2.0\index.php(17): CWebApplication->run()
REQUEST_URI=/yii2/kdomestriha2.0/index.php/site/index
in C:\xampp\htdocs\yii2\kdomestriha2.0\protected\views\site\index.php (16)
in C:\xampp\htdocs\yii2\kdomestriha2.0\protected\controllers\SiteController.php (32)
in C:\xampp\htdocs\yii2\kdomestriha2.0\index.php (17)
2014/07/08 19:55:42 [error] [php] Missing argument 1 for TbActiveForm::textFieldGroup(), called in C:\xampp\htdocs\yii2\kdomestriha2.0\protected\views\site\index.php on line 16 and defined (C:\xampp\htdocs\yii2\kdomestriha2.0\protected\extensions\bootstrap\widgets\TbActiveForm.php:380)
Stack trace:
#0 C:\xampp\htdocs\yii2\framework\web\CBaseController.php(95): SiteController->renderInternal()
#1 C:\xampp\htdocs\yii2\framework\web\CController.php(869): SiteController->renderFile()
#2 C:\xampp\htdocs\yii2\framework\web\CController.php(782): SiteController->renderPartial()
#3 C:\xampp\htdocs\yii2\kdomestriha2.0\protected\controllers\SiteController.php(34): SiteController->render()
#4 C:\xampp\htdocs\yii2\framework\web\actions\CInlineAction.php(49): SiteController->actionIndex()
#5 C:\xampp\htdocs\yii2\framework\web\CController.php(308): CInlineAction->runWithParams()
#6 C:\xampp\htdocs\yii2\framework\web\CController.php(286): SiteController->runAction()
#7 C:\xampp\htdocs\yii2\framework\web\CController.php(265): SiteController->runActionWithFilters()
#8 C:\xampp\htdocs\yii2\framework\web\CWebApplication.php(282): SiteController->run()
#9 C:\xampp\htdocs\yii2\framework\web\CWebApplication.php(141): CWebApplication->runController()
#10 C:\xampp\htdocs\yii2\framework\base\CApplication.php(180): CWebApplication->processRequest()
#11 C:\xampp\htdocs\yii2\kdomestriha2.0\index.php(17): CWebApplication->run()
REQUEST_URI=/yii2/kdomestriha2.0/index.php/site/index
in C:\xampp\htdocs\yii2\kdomestriha2.0\protected\extensions\bootstrap\widgets\TbActiveForm.php (380)
in C:\xampp\htdocs\yii2\kdomestriha2.0\protected\views\site\index.php (16)
in C:\xampp\htdocs\yii2\kdomestriha2.0\protected\controllers\SiteController.php (34)
2014/07/08 20:16:00 [error] [php] Undefined index: search (C:\xampp\htdocs\yii2\kdomestriha2.0\protected\extensions\bootstrap\widgets\TbActiveForm.php:144)
Stack trace:
#0 C:\xampp\htdocs\yii2\kdomestriha2.0\protected\views\site\index.php(15): SiteController->beginWidget()
#1 C:\xampp\htdocs\yii2\framework\web\CBaseController.php(126): require()
#2 C:\xampp\htdocs\yii2\framework\web\CBaseController.php(95): SiteController->renderInternal()
#3 C:\xampp\htdocs\yii2\framework\web\CController.php(869): SiteController->renderFile()
#4 C:\xampp\htdocs\yii2\framework\web\CController.php(782): SiteController->renderPartial()
#5 C:\xampp\htdocs\yii2\kdomestriha2.0\protected\controllers\SiteController.php(38): SiteController->render()
#6 C:\xampp\htdocs\yii2\framework\web\actions\CInlineAction.php(49): SiteController->actionIndex()
#7 C:\xampp\htdocs\yii2\framework\web\CController.php(308): CInlineAction->runWithParams()
#8 C:\xampp\htdocs\yii2\framework\web\CController.php(286): SiteController->runAction()
#9 C:\xampp\htdocs\yii2\framework\web\CController.php(265): SiteController->runActionWithFilters()
#10 C:\xampp\htdocs\yii2\framework\web\CWebApplication.php(282): SiteController->run()
#11 C:\xampp\htdocs\yii2\framework\web\CWebApplication.php(141): CWebApplication->runController()
#12 C:\xampp\htdocs\yii2\framework\base\CApplication.php(180): CWebApplication->processRequest()
#13 C:\xampp\htdocs\yii2\kdomestriha2.0\index.php(17): CWebApplication->run()
REQUEST_URI=/yii2/kdomestriha2.0/index.php/site/index
in C:\xampp\htdocs\yii2\kdomestriha2.0\protected\extensions\bootstrap\widgets\TbActiveForm.php (144)
in C:\xampp\htdocs\yii2\kdomestriha2.0\protected\views\site\index.php (15)
in C:\xampp\htdocs\yii2\kdomestriha2.0\protected\controllers\SiteController.php (38)
2014/07/08 20:16:48 [error] [php] Undefined variable: from (C:\xampp\htdocs\yii2\kdomestriha2.0\protected\views\site\index.php:17)
Stack trace:
#0 C:\xampp\htdocs\yii2\framework\web\CController.php(869): SiteController->renderFile()
#1 C:\xampp\htdocs\yii2\framework\web\CController.php(782): SiteController->renderPartial()
#2 C:\xampp\htdocs\yii2\kdomestriha2.0\protected\controllers\SiteController.php(38): SiteController->render()
#3 C:\xampp\htdocs\yii2\framework\web\actions\CInlineAction.php(49): SiteController->actionIndex()
#4 C:\xampp\htdocs\yii2\framework\web\CController.php(308): CInlineAction->runWithParams()
#5 C:\xampp\htdocs\yii2\framework\web\CController.php(286): SiteController->runAction()
#6 C:\xampp\htdocs\yii2\framework\web\CController.php(265): SiteController->runActionWithFilters()
#7 C:\xampp\htdocs\yii2\framework\web\CWebApplication.php(282): SiteController->run()
#8 C:\xampp\htdocs\yii2\framework\web\CWebApplication.php(141): CWebApplication->runController()
#9 C:\xampp\htdocs\yii2\framework\base\CApplication.php(180): CWebApplication->processRequest()
#10 C:\xampp\htdocs\yii2\kdomestriha2.0\index.php(17): CWebApplication->run()
REQUEST_URI=/yii2/kdomestriha2.0/index.php/site/index
in C:\xampp\htdocs\yii2\kdomestriha2.0\protected\views\site\index.php (17)
in C:\xampp\htdocs\yii2\kdomestriha2.0\protected\controllers\SiteController.php (38)
in C:\xampp\htdocs\yii2\kdomestriha2.0\index.php (17)
2014/07/08 20:16:58 [error] [exception.CException] exception 'CException' with message 'TbActiveForm and its behaviors do not have a method or closure named "textFieldRow".' in C:\xampp\htdocs\yii2\framework\base\CComponent.php:266
Stack trace:
#0 C:\xampp\htdocs\yii2\kdomestriha2.0\protected\views\site\index.php(17): CComponent->__call('textFieldRow', Array)
#1 C:\xampp\htdocs\yii2\kdomestriha2.0\protected\views\site\index.php(17): TbActiveForm->textFieldRow('', 'searchText')
#2 C:\xampp\htdocs\yii2\framework\web\CBaseController.php(126): require('C:\xampp\htdocs...')
#3 C:\xampp\htdocs\yii2\framework\web\CBaseController.php(95): CBaseController->renderInternal('C:\xampp\htdocs...', Array, true)
#4 C:\xampp\htdocs\yii2\framework\web\CController.php(869): CBaseController->renderFile('C:\xampp\htdocs...', Array, true)
#5 C:\xampp\htdocs\yii2\framework\web\CController.php(782): CController->renderPartial('index', Array, true)
#6 C:\xampp\htdocs\yii2\kdomestriha2.0\protected\controllers\SiteController.php(38): CController->render('index', Array)
#7 C:\xampp\htdocs\yii2\framework\web\actions\CInlineAction.php(49): SiteController->actionIndex()
#8 C:\xampp\htdocs\yii2\framework\web\CController.php(308): CInlineAction->runWithParams(Array)
#9 C:\xampp\htdocs\yii2\framework\web\CController.php(286): CController->runAction(Object(CInlineAction))
#10 C:\xampp\htdocs\yii2\framework\web\CController.php(265): CController->runActionWithFilters(Object(CInlineAction), Array)
#11 C:\xampp\htdocs\yii2\framework\web\CWebApplication.php(282): CController->run('index')
#12 C:\xampp\htdocs\yii2\framework\web\CWebApplication.php(141): CWebApplication->runController('site/index')
#13 C:\xampp\htdocs\yii2\framework\base\CApplication.php(180): CWebApplication->processRequest()
#14 C:\xampp\htdocs\yii2\kdomestriha2.0\index.php(17): CApplication->run()
#15 {main}
REQUEST_URI=/yii2/kdomestriha2.0/index.php/site/index
HTTP_REFERER=http://localhost/yii2/kdomestriha2.0/index.php/site/contact
---
2014/07/08 20:20:21 [error] [php] Trying to get property of non-object (C:\xampp\htdocs\yii2\framework\web\helpers\CHtml.php:2529)
Stack trace:
#0 C:\xampp\htdocs\yii2\framework\web\widgets\CActiveForm.php(741): activeSearchField()
#1 C:\xampp\htdocs\yii2\kdomestriha2.0\protected\views\site\index.php(16): TbActiveForm->searchField()
#2 C:\xampp\htdocs\yii2\framework\web\CBaseController.php(126): require()
#3 C:\xampp\htdocs\yii2\framework\web\CBaseController.php(95): SiteController->renderInternal()
#4 C:\xampp\htdocs\yii2\framework\web\CController.php(869): SiteController->renderFile()
#5 C:\xampp\htdocs\yii2\framework\web\CController.php(782): SiteController->renderPartial()
#6 C:\xampp\htdocs\yii2\kdomestriha2.0\protected\controllers\SiteController.php(38): SiteController->render()
#7 C:\xampp\htdocs\yii2\framework\web\actions\CInlineAction.php(49): SiteController->actionIndex()
#8 C:\xampp\htdocs\yii2\framework\web\CController.php(308): CInlineAction->runWithParams()
#9 C:\xampp\htdocs\yii2\framework\web\CController.php(286): SiteController->runAction()
#10 C:\xampp\htdocs\yii2\framework\web\CController.php(265): SiteController->runActionWithFilters()
#11 C:\xampp\htdocs\yii2\framework\web\CWebApplication.php(282): SiteController->run()
#12 C:\xampp\htdocs\yii2\framework\web\CWebApplication.php(141): CWebApplication->runController()
#13 C:\xampp\htdocs\yii2\framework\base\CApplication.php(180): CWebApplication->processRequest()
#14 C:\xampp\htdocs\yii2\kdomestriha2.0\index.php(17): CWebApplication->run()
REQUEST_URI=/yii2/kdomestriha2.0/index.php/site/index
in C:\xampp\htdocs\yii2\kdomestriha2.0\protected\views\site\index.php (16)
in C:\xampp\htdocs\yii2\kdomestriha2.0\protected\controllers\SiteController.php (38)
in C:\xampp\htdocs\yii2\kdomestriha2.0\index.php (17)
2014/07/08 20:20:34 [error] [php] Missing argument 1 for CActiveForm::searchField(), called in C:\xampp\htdocs\yii2\kdomestriha2.0\protected\views\site\index.php on line 16 and defined (C:\xampp\htdocs\yii2\framework\web\widgets\CActiveForm.php:739)
Stack trace:
#0 C:\xampp\htdocs\yii2\framework\web\CBaseController.php(95): SiteController->renderInternal()
#1 C:\xampp\htdocs\yii2\framework\web\CController.php(869): SiteController->renderFile()
#2 C:\xampp\htdocs\yii2\framework\web\CController.php(782): SiteController->renderPartial()
#3 C:\xampp\htdocs\yii2\kdomestriha2.0\protected\controllers\SiteController.php(38): SiteController->render()
#4 C:\xampp\htdocs\yii2\framework\web\actions\CInlineAction.php(49): SiteController->actionIndex()
#5 C:\xampp\htdocs\yii2\framework\web\CController.php(308): CInlineAction->runWithParams()
#6 C:\xampp\htdocs\yii2\framework\web\CController.php(286): SiteController->runAction()
#7 C:\xampp\htdocs\yii2\framework\web\CController.php(265): SiteController->runActionWithFilters()
#8 C:\xampp\htdocs\yii2\framework\web\CWebApplication.php(282): SiteController->run()
#9 C:\xampp\htdocs\yii2\framework\web\CWebApplication.php(141): CWebApplication->runController()
#10 C:\xampp\htdocs\yii2\framework\base\CApplication.php(180): CWebApplication->processRequest()
#11 C:\xampp\htdocs\yii2\kdomestriha2.0\index.php(17): CWebApplication->run()
REQUEST_URI=/yii2/kdomestriha2.0/index.php/site/index
in C:\xampp\htdocs\yii2\kdomestriha2.0\protected\views\site\index.php (16)
in C:\xampp\htdocs\yii2\kdomestriha2.0\protected\controllers\SiteController.php (38)
in C:\xampp\htdocs\yii2\kdomestriha2.0\index.php (17)
2014/07/08 20:25:08 [error] [php] Missing argument 1 for TbActiveForm::searchFieldGroup(), called in C:\xampp\htdocs\yii2\kdomestriha2.0\protected\views\site\index.php on line 16 and defined (C:\xampp\htdocs\yii2\kdomestriha2.0\protected\extensions\bootstrap\widgets\TbActiveForm.php:406)
Stack trace:
#0 C:\xampp\htdocs\yii2\framework\web\CBaseController.php(95): SiteController->renderInternal()
#1 C:\xampp\htdocs\yii2\framework\web\CController.php(869): SiteController->renderFile()
#2 C:\xampp\htdocs\yii2\framework\web\CController.php(782): SiteController->renderPartial()
#3 C:\xampp\htdocs\yii2\kdomestriha2.0\protected\controllers\SiteController.php(38): SiteController->render()
#4 C:\xampp\htdocs\yii2\framework\web\actions\CInlineAction.php(49): SiteController->actionIndex()
#5 C:\xampp\htdocs\yii2\framework\web\CController.php(308): CInlineAction->runWithParams()
#6 C:\xampp\htdocs\yii2\framework\web\CController.php(286): SiteController->runAction()
#7 C:\xampp\htdocs\yii2\framework\web\CController.php(265): SiteController->runActionWithFilters()
#8 C:\xampp\htdocs\yii2\framework\web\CWebApplication.php(282): SiteController->run()
#9 C:\xampp\htdocs\yii2\framework\web\CWebApplication.php(141): CWebApplication->runController()
#10 C:\xampp\htdocs\yii2\framework\base\CApplication.php(180): CWebApplication->processRequest()
#11 C:\xampp\htdocs\yii2\kdomestriha2.0\index.php(17): CWebApplication->run()
REQUEST_URI=/yii2/kdomestriha2.0/index.php/site/index
in C:\xampp\htdocs\yii2\kdomestriha2.0\protected\extensions\bootstrap\widgets\TbActiveForm.php (406)
in C:\xampp\htdocs\yii2\kdomestriha2.0\protected\views\site\index.php (16)
in C:\xampp\htdocs\yii2\kdomestriha2.0\protected\controllers\SiteController.php (38)
2014/07/08 20:34:21 [error] [php] Missing argument 1 for CForm::__construct(), called in C:\xampp\htdocs\yii2\kdomestriha2.0\protected\controllers\SiteController.php on line 30 and defined (C:\xampp\htdocs\yii2\framework\web\form\CForm.php:165)
Stack trace:
#0 C:\xampp\htdocs\yii2\framework\web\CController.php(308): CInlineAction->runWithParams()
#1 C:\xampp\htdocs\yii2\framework\web\CController.php(286): SiteController->runAction()
#2 C:\xampp\htdocs\yii2\framework\web\CController.php(265): SiteController->runActionWithFilters()
#3 C:\xampp\htdocs\yii2\framework\web\CWebApplication.php(282): SiteController->run()
#4 C:\xampp\htdocs\yii2\framework\web\CWebApplication.php(141): CWebApplication->runController()
#5 C:\xampp\htdocs\yii2\framework\base\CApplication.php(180): CWebApplication->processRequest()
#6 C:\xampp\htdocs\yii2\kdomestriha2.0\index.php(17): CWebApplication->run()
REQUEST_URI=/yii2/kdomestriha2.0/index.php/site/index
in C:\xampp\htdocs\yii2\kdomestriha2.0\protected\controllers\SiteController.php (30)
in C:\xampp\htdocs\yii2\kdomestriha2.0\index.php (17)
2014/07/08 20:35:59 [error] [php] Missing argument 1 for CForm::__construct(), called in C:\xampp\htdocs\yii2\kdomestriha2.0\protected\controllers\SiteController.php on line 30 and defined (C:\xampp\htdocs\yii2\framework\web\form\CForm.php:165)
Stack trace:
#0 C:\xampp\htdocs\yii2\framework\web\CController.php(308): CInlineAction->runWithParams()
#1 C:\xampp\htdocs\yii2\framework\web\CController.php(286): SiteController->runAction()
#2 C:\xampp\htdocs\yii2\framework\web\CController.php(265): SiteController->runActionWithFilters()
#3 C:\xampp\htdocs\yii2\framework\web\CWebApplication.php(282): SiteController->run()
#4 C:\xampp\htdocs\yii2\framework\web\CWebApplication.php(141): CWebApplication->runController()
#5 C:\xampp\htdocs\yii2\framework\base\CApplication.php(180): CWebApplication->processRequest()
#6 C:\xampp\htdocs\yii2\kdomestriha2.0\index.php(17): CWebApplication->run()
REQUEST_URI=/yii2/kdomestriha2.0/index.php/site/index
in C:\xampp\htdocs\yii2\kdomestriha2.0\protected\controllers\SiteController.php (30)
in C:\xampp\htdocs\yii2\kdomestriha2.0\index.php (17)
2014/07/08 20:36:30 [error] [php] include(SearchForm2.php): failed to open stream: No such file or directory (C:\xampp\htdocs\yii2\framework\YiiBase.php:427)
Stack trace:
#0 C:\xampp\htdocs\yii2\kdomestriha2.0\protected\controllers\SiteController.php(30): spl_autoload_call()
#1 C:\xampp\htdocs\yii2\framework\web\actions\CInlineAction.php(49): SiteController->actionIndex()
#2 C:\xampp\htdocs\yii2\framework\web\CController.php(308): CInlineAction->runWithParams()
#3 C:\xampp\htdocs\yii2\framework\web\CController.php(286): SiteController->runAction()
#4 C:\xampp\htdocs\yii2\framework\web\CController.php(265): SiteController->runActionWithFilters()
#5 C:\xampp\htdocs\yii2\framework\web\CWebApplication.php(282): SiteController->run()
#6 C:\xampp\htdocs\yii2\framework\web\CWebApplication.php(141): CWebApplication->runController()
#7 C:\xampp\htdocs\yii2\framework\base\CApplication.php(180): CWebApplication->processRequest()
#8 C:\xampp\htdocs\yii2\kdomestriha2.0\index.php(17): CWebApplication->run()
REQUEST_URI=/yii2/kdomestriha2.0/index.php/site/index
in C:\xampp\htdocs\yii2\kdomestriha2.0\protected\controllers\SiteController.php (30)
in C:\xampp\htdocs\yii2\kdomestriha2.0\index.php (17)
2014/07/08 20:37:04 [error] [php] Missing argument 1 for CForm::__construct(), called in C:\xampp\htdocs\yii2\kdomestriha2.0\protected\controllers\SiteController.php on line 30 and defined (C:\xampp\htdocs\yii2\framework\web\form\CForm.php:165)
Stack trace:
#0 C:\xampp\htdocs\yii2\framework\web\CController.php(308): CInlineAction->runWithParams()
#1 C:\xampp\htdocs\yii2\framework\web\CController.php(286): SiteController->runAction()
#2 C:\xampp\htdocs\yii2\framework\web\CController.php(265): SiteController->runActionWithFilters()
#3 C:\xampp\htdocs\yii2\framework\web\CWebApplication.php(282): SiteController->run()
#4 C:\xampp\htdocs\yii2\framework\web\CWebApplication.php(141): CWebApplication->runController()
#5 C:\xampp\htdocs\yii2\framework\base\CApplication.php(180): CWebApplication->processRequest()
#6 C:\xampp\htdocs\yii2\kdomestriha2.0\index.php(17): CWebApplication->run()
REQUEST_URI=/yii2/kdomestriha2.0/index.php/site/index
in C:\xampp\htdocs\yii2\kdomestriha2.0\protected\controllers\SiteController.php (30)
in C:\xampp\htdocs\yii2\kdomestriha2.0\index.php (17)
2014/07/08 20:37:38 [error] [php] Missing argument 1 for CForm::__construct(), called in C:\xampp\htdocs\yii2\kdomestriha2.0\protected\controllers\SiteController.php on line 30 and defined (C:\xampp\htdocs\yii2\framework\web\form\CForm.php:165)
Stack trace:
#0 C:\xampp\htdocs\yii2\framework\web\CController.php(308): CInlineAction->runWithParams()
#1 C:\xampp\htdocs\yii2\framework\web\CController.php(286): SiteController->runAction()
#2 C:\xampp\htdocs\yii2\framework\web\CController.php(265): SiteController->runActionWithFilters()
#3 C:\xampp\htdocs\yii2\framework\web\CWebApplication.php(282): SiteController->run()
#4 C:\xampp\htdocs\yii2\framework\web\CWebApplication.php(141): CWebApplication->runController()
#5 C:\xampp\htdocs\yii2\framework\base\CApplication.php(180): CWebApplication->processRequest()
#6 C:\xampp\htdocs\yii2\kdomestriha2.0\index.php(17): CWebApplication->run()
REQUEST_URI=/yii2/kdomestriha2.0/index.php/site/index
in C:\xampp\htdocs\yii2\kdomestriha2.0\protected\controllers\SiteController.php (30)
in C:\xampp\htdocs\yii2\kdomestriha2.0\index.php (17)
2014/07/08 20:38:30 [error] [exception.CException] exception 'CException' with message 'Property "SearchForm.searchText" is not defined.' in C:\xampp\htdocs\yii2\framework\base\CComponent.php:130
Stack trace:
#0 C:\xampp\htdocs\yii2\framework\web\helpers\CHtml.php(2529): CComponent->__get('searchText')
#1 C:\xampp\htdocs\yii2\framework\web\helpers\CHtml.php(2252): CHtml::resolveValue(Object(SearchForm), 'searchText')
#2 C:\xampp\htdocs\yii2\framework\web\helpers\CHtml.php(1434): CHtml::activeInputField('text', Object(SearchForm), 'searchText', Array)
#3 C:\xampp\htdocs\yii2\framework\web\widgets\CActiveForm.php(725): CHtml::activeTextField(Object(SearchForm), 'searchText', Array)
#4 [internal function]: CActiveForm->textField(Object(SearchForm), 'searchText', Array)
#5 C:\xampp\htdocs\yii2\kdomestriha2.0\protected\extensions\bootstrap\widgets\TbActiveForm.php(1293): call_user_func_array(Array, Array)
#6 C:\xampp\htdocs\yii2\kdomestriha2.0\protected\extensions\bootstrap\widgets\TbActiveForm.php(1152): TbActiveForm->verticalGroup(Array, Object(SearchForm), 'searchText', Array)
#7 C:\xampp\htdocs\yii2\kdomestriha2.0\protected\extensions\bootstrap\widgets\TbActiveForm.php(389): TbActiveForm->customFieldGroupInternal(Array, Object(SearchForm), 'searchText', Array)
#8 C:\xampp\htdocs\yii2\kdomestriha2.0\protected\views\site\index.php(16): TbActiveForm->textFieldGroup(Object(SearchForm), 'searchText')
#9 C:\xampp\htdocs\yii2\framework\web\CBaseController.php(126): require('C:\xampp\htdocs...')
#10 C:\xampp\htdocs\yii2\framework\web\CBaseController.php(95): CBaseController->renderInternal('C:\xampp\htdocs...', Array, true)
#11 C:\xampp\htdocs\yii2\framework\web\CController.php(869): CBaseController->renderFile('C:\xampp\htdocs...', Array, true)
#12 C:\xampp\htdocs\yii2\framework\web\CController.php(782): CController->renderPartial('index', Array, true)
#13 C:\xampp\htdocs\yii2\kdomestriha2.0\protected\controllers\SiteController.php(38): CController->render('index', Array)
#14 C:\xampp\htdocs\yii2\framework\web\actions\CInlineAction.php(49): SiteController->actionIndex()
#15 C:\xampp\htdocs\yii2\framework\web\CController.php(308): CInlineAction->runWithParams(Array)
#16 C:\xampp\htdocs\yii2\framework\web\CController.php(286): CController->runAction(Object(CInlineAction))
#17 C:\xampp\htdocs\yii2\framework\web\CController.php(265): CController->runActionWithFilters(Object(CInlineAction), Array)
#18 C:\xampp\htdocs\yii2\framework\web\CWebApplication.php(282): CController->run('index')
#19 C:\xampp\htdocs\yii2\framework\web\CWebApplication.php(141): CWebApplication->runController('site/index')
#20 C:\xampp\htdocs\yii2\framework\base\CApplication.php(180): CWebApplication->processRequest()
#21 C:\xampp\htdocs\yii2\kdomestriha2.0\index.php(17): CApplication->run()
#22 {main}
REQUEST_URI=/yii2/kdomestriha2.0/index.php/site/index
HTTP_REFERER=http://localhost/yii2/kdomestriha2.0/index.php/site/contact
---
2014/07/08 20:58:21 [error] [exception.CException] exception 'CException' with message 'TbActiveForm and its behaviors do not have a method or closure named "textFieldRow".' in C:\xampp\htdocs\yii2\framework\base\CComponent.php:266
Stack trace:
#0 C:\xampp\htdocs\yii2\kdomestriha2.0\protected\views\site\index.php(26): CComponent->__call('textFieldRow', Array)
#1 C:\xampp\htdocs\yii2\kdomestriha2.0\protected\views\site\index.php(26): TbActiveForm->textFieldRow(Object(SearchForm), 'searchText', Array)
#2 C:\xampp\htdocs\yii2\framework\web\CBaseController.php(126): require('C:\xampp\htdocs...')
#3 C:\xampp\htdocs\yii2\framework\web\CBaseController.php(95): CBaseController->renderInternal('C:\xampp\htdocs...', Array, true)
#4 C:\xampp\htdocs\yii2\framework\web\CController.php(869): CBaseController->renderFile('C:\xampp\htdocs...', Array, true)
#5 C:\xampp\htdocs\yii2\framework\web\CController.php(782): CController->renderPartial('index', Array, true)
#6 C:\xampp\htdocs\yii2\kdomestriha2.0\protected\controllers\SiteController.php(38): CController->render('index', Array)
#7 C:\xampp\htdocs\yii2\framework\web\actions\CInlineAction.php(49): SiteController->actionIndex()
#8 C:\xampp\htdocs\yii2\framework\web\CController.php(308): CInlineAction->runWithParams(Array)
#9 C:\xampp\htdocs\yii2\framework\web\CController.php(286): CController->runAction(Object(CInlineAction))
#10 C:\xampp\htdocs\yii2\framework\web\CController.php(265): CController->runActionWithFilters(Object(CInlineAction), Array)
#11 C:\xampp\htdocs\yii2\framework\web\CWebApplication.php(282): CController->run('index')
#12 C:\xampp\htdocs\yii2\framework\web\CWebApplication.php(141): CWebApplication->runController('site/index')
#13 C:\xampp\htdocs\yii2\framework\base\CApplication.php(180): CWebApplication->processRequest()
#14 C:\xampp\htdocs\yii2\kdomestriha2.0\index.php(17): CApplication->run()
#15 {main}
REQUEST_URI=/yii2/kdomestriha2.0/index.php/site/index
HTTP_REFERER=http://localhost/yii2/kdomestriha2.0/index.php/site/contact
---
2014/07/08 21:04:04 [error] [exception.CException] exception 'CException' with message 'Property "TbActiveForm.options" is not defined.' in C:\xampp\htdocs\yii2\framework\base\CComponent.php:173
Stack trace:
#0 C:\xampp\htdocs\yii2\framework\web\CWidgetFactory.php(161): CComponent->__set('options', Array)
#1 C:\xampp\htdocs\yii2\framework\web\CBaseController.php(146): CWidgetFactory->createWidget(Object(SiteController), 'booster.widgets...', Array)
#2 C:\xampp\htdocs\yii2\framework\web\CBaseController.php(189): CBaseController->createWidget('booster.widgets...', Array)
#3 C:\xampp\htdocs\yii2\kdomestriha2.0\protected\views\site\index.php(17): CBaseController->beginWidget('booster.widgets...', Array)
#4 C:\xampp\htdocs\yii2\framework\web\CBaseController.php(126): require('C:\xampp\htdocs...')
#5 C:\xampp\htdocs\yii2\framework\web\CBaseController.php(95): CBaseController->renderInternal('C:\xampp\htdocs...', Array, true)
#6 C:\xampp\htdocs\yii2\framework\web\CController.php(869): CBaseController->renderFile('C:\xampp\htdocs...', Array, true)
#7 C:\xampp\htdocs\yii2\framework\web\CController.php(782): CController->renderPartial('index', Array, true)
#8 C:\xampp\htdocs\yii2\kdomestriha2.0\protected\controllers\SiteController.php(38): CController->render('index', Array)
#9 C:\xampp\htdocs\yii2\framework\web\actions\CInlineAction.php(49): SiteController->actionIndex()
#10 C:\xampp\htdocs\yii2\framework\web\CController.php(308): CInlineAction->runWithParams(Array)
#11 C:\xampp\htdocs\yii2\framework\web\CController.php(286): CController->runAction(Object(CInlineAction))
#12 C:\xampp\htdocs\yii2\framework\web\CController.php(265): CController->runActionWithFilters(Object(CInlineAction), Array)
#13 C:\xampp\htdocs\yii2\framework\web\CWebApplication.php(282): CController->run('index')
#14 C:\xampp\htdocs\yii2\framework\web\CWebApplication.php(141): CWebApplication->runController('site/index')
#15 C:\xampp\htdocs\yii2\framework\base\CApplication.php(180): CWebApplication->processRequest()
#16 C:\xampp\htdocs\yii2\kdomestriha2.0\index.php(17): CApplication->run()
#17 {main}
REQUEST_URI=/yii2/kdomestriha2.0/index.php/site/index
HTTP_REFERER=http://localhost/yii2/kdomestriha2.0/index.php/site/contact
---
2014/07/08 23:15:09 [error] [exception.CException] exception 'CException' with message 'SiteController contains improperly nested widget tags in its view "C:\xampp\htdocs\yii2\kdomestriha2.0\protected\views\site\index.php". A TbActiveForm widget does not have an endWidget() call.' in C:\xampp\htdocs\yii2\framework\web\CBaseController.php:101
Stack trace:
#0 C:\xampp\htdocs\yii2\framework\web\CController.php(869): CBaseController->renderFile('C:\xampp\htdocs...', Array, true)
#1 C:\xampp\htdocs\yii2\framework\web\CController.php(782): CController->renderPartial('index', Array, true)
#2 C:\xampp\htdocs\yii2\kdomestriha2.0\protected\controllers\SiteController.php(38): CController->render('index', Array)
#3 C:\xampp\htdocs\yii2\framework\web\actions\CInlineAction.php(49): SiteController->actionIndex()
#4 C:\xampp\htdocs\yii2\framework\web\CController.php(308): CInlineAction->runWithParams(Array)
#5 C:\xampp\htdocs\yii2\framework\web\CController.php(286): CController->runAction(Object(CInlineAction))
#6 C:\xampp\htdocs\yii2\framework\web\CController.php(265): CController->runActionWithFilters(Object(CInlineAction), Array)
#7 C:\xampp\htdocs\yii2\framework\web\CWebApplication.php(282): CController->run('index')
#8 C:\xampp\htdocs\yii2\framework\web\CWebApplication.php(141): CWebApplication->runController('site/index')
#9 C:\xampp\htdocs\yii2\framework\base\CApplication.php(180): CWebApplication->processRequest()
#10 C:\xampp\htdocs\yii2\kdomestriha2.0\index.php(17): CApplication->run()
#11 {main}
REQUEST_URI=/yii2/kdomestriha2.0/index.php/site/index
---
2014/07/12 14:20:41 [error] [php] Use of undefined constant logo - assumed 'logo' (C:\xampp\htdocs\yii2\kdomestriha2.0\protected\components\views\viewRecentReviewsWidget.php:4)
Stack trace:
#0 C:\xampp\htdocs\yii2\framework\web\widgets\CWidget.php(244): ViewRecentReviewsWidget->renderFile()
#1 C:\xampp\htdocs\yii2\kdomestriha2.0\protected\components\ViewRecentReviewsWidget.php(5): ViewRecentReviewsWidget->render()
#2 C:\xampp\htdocs\yii2\framework\web\CBaseController.php(173): ViewRecentReviewsWidget->run()
#3 C:\xampp\htdocs\yii2\kdomestriha2.0\protected\views\site\index.php(79): SiteController->widget()
#4 C:\xampp\htdocs\yii2\framework\web\CBaseController.php(126): require()
#5 C:\xampp\htdocs\yii2\framework\web\CBaseController.php(95): SiteController->renderInternal()
#6 C:\xampp\htdocs\yii2\framework\web\CController.php(869): SiteController->renderFile()
#7 C:\xampp\htdocs\yii2\framework\web\CController.php(782): SiteController->renderPartial()
#8 C:\xampp\htdocs\yii2\kdomestriha2.0\protected\controllers\SiteController.php(38): SiteController->render()
#9 C:\xampp\htdocs\yii2\framework\web\actions\CInlineAction.php(49): SiteController->actionIndex()
#10 C:\xampp\htdocs\yii2\framework\web\CController.php(308): CInlineAction->runWithParams()
#11 C:\xampp\htdocs\yii2\framework\web\CController.php(286): SiteController->runAction()
#12 C:\xampp\htdocs\yii2\framework\web\CController.php(265): SiteController->runActionWithFilters()
#13 C:\xampp\htdocs\yii2\framework\web\CWebApplication.php(282): SiteController->run()
#14 C:\xampp\htdocs\yii2\framework\web\CWebApplication.php(141): CWebApplication->runController()
#15 C:\xampp\htdocs\yii2\framework\base\CApplication.php(180): CWebApplication->processRequest()
#16 C:\xampp\htdocs\yii2\kdomestriha2.0\index.php(17): CWebApplication->run()
REQUEST_URI=/yii2/kdomestriha2.0/
in C:\xampp\htdocs\yii2\kdomestriha2.0\protected\components\views\viewRecentReviewsWidget.php (4)
in C:\xampp\htdocs\yii2\kdomestriha2.0\protected\components\ViewRecentReviewsWidget.php (5)
in C:\xampp\htdocs\yii2\kdomestriha2.0\protected\views\site\index.php (79)
2014/07/12 15:51:57 [error] [exception.CHttpException.404] exception 'CHttpException' with message 'The requested view "search_result" was not found.' in C:\xampp\htdocs\yii2\framework\web\actions\CViewAction.php:112
Stack trace:
#0 C:\xampp\htdocs\yii2\framework\web\actions\CViewAction.php(123): CViewAction->resolveView('search_result')
#1 C:\xampp\htdocs\yii2\framework\web\actions\CAction.php(76): CViewAction->run()
#2 C:\xampp\htdocs\yii2\framework\web\CController.php(308): CAction->runWithParams(Array)
#3 C:\xampp\htdocs\yii2\framework\web\CController.php(286): CController->runAction(Object(CViewAction))
#4 C:\xampp\htdocs\yii2\framework\web\CController.php(265): CController->runActionWithFilters(Object(CViewAction), Array)
#5 C:\xampp\htdocs\yii2\framework\web\CWebApplication.php(282): CController->run('page')
#6 C:\xampp\htdocs\yii2\framework\web\CWebApplication.php(141): CWebApplication->runController('site/page')
#7 C:\xampp\htdocs\yii2\framework\base\CApplication.php(180): CWebApplication->processRequest()
#8 C:\xampp\htdocs\yii2\kdomestriha2.0\index.php(17): CApplication->run()
#9 {main}
REQUEST_URI=/yii2/kdomestriha2.0/index.php/site/page?view=search_result
HTTP_REFERER=http://localhost/yii2/kdomestriha2.0/
---
2014/07/12 16:01:58 [error] [php] Undefined variable: form (C:\xampp\htdocs\yii2\kdomestriha2.0\protected\views\site\pages\search_result.php:4)
Stack trace:
#0 C:\xampp\htdocs\yii2\framework\web\CController.php(869): SiteController->renderFile()
#1 C:\xampp\htdocs\yii2\framework\web\CController.php(782): SiteController->renderPartial()
#2 C:\xampp\htdocs\yii2\framework\web\actions\CViewAction.php(140): SiteController->render()
#3 C:\xampp\htdocs\yii2\framework\web\actions\CAction.php(76): CViewAction->run()
#4 C:\xampp\htdocs\yii2\framework\web\CController.php(308): CViewAction->runWithParams()
#5 C:\xampp\htdocs\yii2\framework\web\CController.php(286): SiteController->runAction()
#6 C:\xampp\htdocs\yii2\framework\web\CController.php(265): SiteController->runActionWithFilters()
#7 C:\xampp\htdocs\yii2\framework\web\CWebApplication.php(282): SiteController->run()
#8 C:\xampp\htdocs\yii2\framework\web\CWebApplication.php(141): CWebApplication->runController()
#9 C:\xampp\htdocs\yii2\framework\base\CApplication.php(180): CWebApplication->processRequest()
#10 C:\xampp\htdocs\yii2\kdomestriha2.0\index.php(17): CWebApplication->run()
REQUEST_URI=/yii2/kdomestriha2.0/index.php/site/page?view=search_result
in C:\xampp\htdocs\yii2\kdomestriha2.0\protected\views\site\pages\search_result.php (4)
in C:\xampp\htdocs\yii2\kdomestriha2.0\index.php (17)
2014/07/12 16:02:36 [error] [php] Undefined variable: searchForm (C:\xampp\htdocs\yii2\kdomestriha2.0\protected\views\site\pages\search_result.php:12)
Stack trace:
#0 C:\xampp\htdocs\yii2\framework\web\CController.php(869): SiteController->renderFile()
#1 C:\xampp\htdocs\yii2\framework\web\CController.php(782): SiteController->renderPartial()
#2 C:\xampp\htdocs\yii2\framework\web\actions\CViewAction.php(140): SiteController->render()
#3 C:\xampp\htdocs\yii2\framework\web\actions\CAction.php(76): CViewAction->run()
#4 C:\xampp\htdocs\yii2\framework\web\CController.php(308): CViewAction->runWithParams()
#5 C:\xampp\htdocs\yii2\framework\web\CController.php(286): SiteController->runAction()
#6 C:\xampp\htdocs\yii2\framework\web\CController.php(265): SiteController->runActionWithFilters()
#7 C:\xampp\htdocs\yii2\framework\web\CWebApplication.php(282): SiteController->run()
#8 C:\xampp\htdocs\yii2\framework\web\CWebApplication.php(141): CWebApplication->runController()
#9 C:\xampp\htdocs\yii2\framework\base\CApplication.php(180): CWebApplication->processRequest()
#10 C:\xampp\htdocs\yii2\kdomestriha2.0\index.php(17): CWebApplication->run()
REQUEST_URI=/yii2/kdomestriha2.0/index.php/site/page?view=search_result
in C:\xampp\htdocs\yii2\kdomestriha2.0\protected\views\site\pages\search_result.php (12)
in C:\xampp\htdocs\yii2\kdomestriha2.0\index.php (17)
2014/07/12 16:04:43 [error] [exception.CException] exception 'CException' with message 'SiteController contains improperly nested widget tags in its view "C:\xampp\htdocs\yii2\kdomestriha2.0\protected\views\site\searchResult.php". A TbActiveForm widget does not have an endWidget() call.' in C:\xampp\htdocs\yii2\framework\web\CBaseController.php:101
Stack trace:
#0 C:\xampp\htdocs\yii2\framework\web\CController.php(869): CBaseController->renderFile('C:\xampp\htdocs...', Array, true)
#1 C:\xampp\htdocs\yii2\framework\web\CController.php(782): CController->renderPartial('searchResult', Array, true)
#2 C:\xampp\htdocs\yii2\kdomestriha2.0\protected\controllers\SiteController.php(51): CController->render('searchResult', Array)
#3 C:\xampp\htdocs\yii2\framework\web\actions\CInlineAction.php(49): SiteController->actionSearchResult()
#4 C:\xampp\htdocs\yii2\framework\web\CController.php(308): CInlineAction->runWithParams(Array)
#5 C:\xampp\htdocs\yii2\framework\web\CController.php(286): CController->runAction(Object(CInlineAction))
#6 C:\xampp\htdocs\yii2\framework\web\CController.php(265): CController->runActionWithFilters(Object(CInlineAction), Array)
#7 C:\xampp\htdocs\yii2\framework\web\CWebApplication.php(282): CController->run('searchResult')
#8 C:\xampp\htdocs\yii2\framework\web\CWebApplication.php(141): CWebApplication->runController('site/searchResu...')
#9 C:\xampp\htdocs\yii2\framework\base\CApplication.php(180): CWebApplication->processRequest()
#10 C:\xampp\htdocs\yii2\kdomestriha2.0\index.php(17): CApplication->run()
#11 {main}
REQUEST_URI=/yii2/kdomestriha2.0/index.php/site/searchResult
HTTP_REFERER=http://localhost/yii2/kdomestriha2.0/index.php/site/searchResult
---
2014/07/12 16:04:47 [error] [exception.CException] exception 'CException' with message 'SiteController contains improperly nested widget tags in its view "C:\xampp\htdocs\yii2\kdomestriha2.0\protected\views\site\searchResult.php". A TbActiveForm widget does not have an endWidget() call.' in C:\xampp\htdocs\yii2\framework\web\CBaseController.php:101
Stack trace:
#0 C:\xampp\htdocs\yii2\framework\web\CController.php(869): CBaseController->renderFile('C:\xampp\htdocs...', Array, true)
#1 C:\xampp\htdocs\yii2\framework\web\CController.php(782): CController->renderPartial('searchResult', Array, true)
#2 C:\xampp\htdocs\yii2\kdomestriha2.0\protected\controllers\SiteController.php(51): CController->render('searchResult', Array)
#3 C:\xampp\htdocs\yii2\framework\web\actions\CInlineAction.php(49): SiteController->actionSearchResult()
#4 C:\xampp\htdocs\yii2\framework\web\CController.php(308): CInlineAction->runWithParams(Array)
#5 C:\xampp\htdocs\yii2\framework\web\CController.php(286): CController->runAction(Object(CInlineAction))
#6 C:\xampp\htdocs\yii2\framework\web\CController.php(265): CController->runActionWithFilters(Object(CInlineAction), Array)
#7 C:\xampp\htdocs\yii2\framework\web\CWebApplication.php(282): CController->run('searchResult')
#8 C:\xampp\htdocs\yii2\framework\web\CWebApplication.php(141): CWebApplication->runController('site/searchResu...')
#9 C:\xampp\htdocs\yii2\framework\base\CApplication.php(180): CWebApplication->processRequest()
#10 C:\xampp\htdocs\yii2\kdomestriha2.0\index.php(17): CApplication->run()
#11 {main}
REQUEST_URI=/yii2/kdomestriha2.0/index.php/site/searchResult
HTTP_REFERER=http://localhost/yii2/kdomestriha2.0/
---
2014/07/12 16:14:20 [error] [php] Undefined variable: searchForm (C:\xampp\htdocs\yii2\kdomestriha2.0\protected\views\site\searchBox.php:10)
Stack trace:
#0 C:\xampp\htdocs\yii2\framework\web\CController.php(869): SiteController->renderFile()
#1 C:\xampp\htdocs\yii2\kdomestriha2.0\protected\views\site\searchResult.php(4): SiteController->renderPartial()
#2 C:\xampp\htdocs\yii2\framework\web\CBaseController.php(126): require()
#3 C:\xampp\htdocs\yii2\framework\web\CBaseController.php(95): SiteController->renderInternal()
#4 C:\xampp\htdocs\yii2\framework\web\CController.php(869): SiteController->renderFile()
#5 C:\xampp\htdocs\yii2\framework\web\CController.php(782): SiteController->renderPartial()
#6 C:\xampp\htdocs\yii2\kdomestriha2.0\protected\controllers\SiteController.php(51): SiteController->render()
#7 C:\xampp\htdocs\yii2\framework\web\actions\CInlineAction.php(49): SiteController->actionSearchResult()
#8 C:\xampp\htdocs\yii2\framework\web\CController.php(308): CInlineAction->runWithParams()
#9 C:\xampp\htdocs\yii2\framework\web\CController.php(286): SiteController->runAction()
#10 C:\xampp\htdocs\yii2\framework\web\CController.php(265): SiteController->runActionWithFilters()
#11 C:\xampp\htdocs\yii2\framework\web\CWebApplication.php(282): SiteController->run()
#12 C:\xampp\htdocs\yii2\framework\web\CWebApplication.php(141): CWebApplication->runController()
#13 C:\xampp\htdocs\yii2\framework\base\CApplication.php(180): CWebApplication->processRequest()
#14 C:\xampp\htdocs\yii2\kdomestriha2.0\index.php(17): CWebApplication->run()
REQUEST_URI=/yii2/kdomestriha2.0/index.php/site/searchResult
in C:\xampp\htdocs\yii2\kdomestriha2.0\protected\views\site\searchBox.php (10)
in C:\xampp\htdocs\yii2\kdomestriha2.0\protected\views\site\searchResult.php (4)
in C:\xampp\htdocs\yii2\kdomestriha2.0\protected\controllers\SiteController.php (51)
2014/07/13 17:21:35 [error] [php] Use of undefined constant salon_temp - assumed 'salon_temp' (C:\xampp\htdocs\yii2\kdomestriha2.0\protected\views\site\searchResult.php:17)
Stack trace:
#0 C:\xampp\htdocs\yii2\framework\web\CController.php(869): SiteController->renderFile()
#1 C:\xampp\htdocs\yii2\framework\web\CController.php(782): SiteController->renderPartial()
#2 C:\xampp\htdocs\yii2\kdomestriha2.0\protected\controllers\SiteController.php(51): SiteController->render()
#3 C:\xampp\htdocs\yii2\framework\web\actions\CInlineAction.php(49): SiteController->actionSearchResult()
#4 C:\xampp\htdocs\yii2\framework\web\CController.php(308): CInlineAction->runWithParams()
#5 C:\xampp\htdocs\yii2\framework\web\CController.php(286): SiteController->runAction()
#6 C:\xampp\htdocs\yii2\framework\web\CController.php(265): SiteController->runActionWithFilters()
#7 C:\xampp\htdocs\yii2\framework\web\CWebApplication.php(282): SiteController->run()
#8 C:\xampp\htdocs\yii2\framework\web\CWebApplication.php(141): CWebApplication->runController()
#9 C:\xampp\htdocs\yii2\framework\base\CApplication.php(180): CWebApplication->processRequest()
#10 C:\xampp\htdocs\yii2\kdomestriha2.0\index.php(17): CWebApplication->run()
REQUEST_URI=/yii2/kdomestriha2.0/index.php/site/searchResult
in C:\xampp\htdocs\yii2\kdomestriha2.0\protected\views\site\searchResult.php (17)
in C:\xampp\htdocs\yii2\kdomestriha2.0\protected\controllers\SiteController.php (51)
in C:\xampp\htdocs\yii2\kdomestriha2.0\index.php (17)
2014/07/13 19:06:22 [error] [php] Use of undefined constant map - assumed 'map' (C:\xampp\htdocs\yii2\kdomestriha2.0\protected\views\site\searchResult.php:142)
Stack trace:
#0 C:\xampp\htdocs\yii2\framework\web\CController.php(869): SiteController->renderFile()
#1 C:\xampp\htdocs\yii2\framework\web\CController.php(782): SiteController->renderPartial()
#2 C:\xampp\htdocs\yii2\kdomestriha2.0\protected\controllers\SiteController.php(51): SiteController->render()
#3 C:\xampp\htdocs\yii2\framework\web\actions\CInlineAction.php(49): SiteController->actionSearchResult()
#4 C:\xampp\htdocs\yii2\framework\web\CController.php(308): CInlineAction->runWithParams()
#5 C:\xampp\htdocs\yii2\framework\web\CController.php(286): SiteController->runAction()
#6 C:\xampp\htdocs\yii2\framework\web\CController.php(265): SiteController->runActionWithFilters()
#7 C:\xampp\htdocs\yii2\framework\web\CWebApplication.php(282): SiteController->run()
#8 C:\xampp\htdocs\yii2\framework\web\CWebApplication.php(141): CWebApplication->runController()
#9 C:\xampp\htdocs\yii2\framework\base\CApplication.php(180): CWebApplication->processRequest()
#10 C:\xampp\htdocs\yii2\kdomestriha2.0\index.php(17): CWebApplication->run()
REQUEST_URI=/yii2/kdomestriha2.0/index.php/site/searchResult
in C:\xampp\htdocs\yii2\kdomestriha2.0\protected\views\site\searchResult.php (142)
in C:\xampp\htdocs\yii2\kdomestriha2.0\protected\controllers\SiteController.php (51)
in C:\xampp\htdocs\yii2\kdomestriha2.0\index.php (17)
